<?xml version="1.0" encoding="UTF-8"?>
<!-- Generated by org.testng.reporters.JUnitReportReporter -->
<testsuite hostname="DESKTOP-UHGGO52" failures="0" tests="4" name="testcases.Tc01AmazonShopping" time="35.174" errors="0" timestamp="2022-07-29T15:50:06 IST" skipped="0">
  <testcase classname="testcases.Tc01AmazonShopping" name="validateFirstPage" time="7.917"/>
  <system-out/>
  <testcase classname="testcases.Tc01AmazonShopping" name="validatePage1" time="6.609"/>
  <system-out/>
  <testcase classname="testcases.Tc01AmazonShopping" name="iphonesAbove1l" time="20.334"/>
  <system-out/>
  <testcase classname="testcases.Tc01AmazonShopping" name="CartValidation" time="0.314"/>
  <system-out/>
</testsuite> <!-- testcases.Tc01AmazonShopping -->
